0 info it worked if it ends with ok
1 verbose cli [ '/home/www/.nvm/versions/node/v5.1.0/bin/node',
1 verbose cli   '/home/www/.nvm/versions/node/v5.1.0/bin/npm',
1 verbose cli   'run',
1 verbose cli   'server' ]
2 info using npm@3.3.12
3 info using node@v5.1.0
4 verbose run-script [ 'preserver', 'server', 'postserver' ]
5 info lifecycle react-drive-in@1.6.2~preserver: react-drive-in@1.6.2
6 silly lifecycle react-drive-in@1.6.2~preserver: no script for preserver, continuing
7 info lifecycle react-drive-in@1.6.2~server: react-drive-in@1.6.2
8 verbose lifecycle react-drive-in@1.6.2~server: unsafe-perm in lifecycle true
9 verbose lifecycle react-drive-in@1.6.2~server: PATH: /home/www/.nvm/versions/node/v5.1.0/lib/node_modules/npm/bin/node-gyp-bin:/home/www/dev.pointlook.com/node_modules/.bin:/home/www/.gvm/bin:/home/www/.rvm/gems/ruby-2.2.1/bin:/home/www/.rvm/gems/ruby-2.2.1@global/bin:/home/www/.rvm/rubies/ruby-2.2.1/bin:/home/www/.nvm/versions/node/v5.1.0/bin:/home/www/.pyenv/plugins/pyenv-virtualenv/shims:/home/www/.pyenv/libexec:/home/www/.pyenv/plugins/python-build/bin:/home/www/.pyenv/plugins/pyenv-virtualenv/bin:/home/www/.pyenv/plugins/pyenv-update/bin:/home/www/.pyenv/plugins/pyenv-installer/bin:/home/www/.pyenv/plugins/pyenv-doctor/bin:/home/www/.pyenv/shims:/home/www/.rvm/bin:/home/www/.pyenv/bin:/usr/bin:/bin
10 verbose lifecycle react-drive-in@1.6.2~server: CWD: /home/www/dev.pointlook.com
11 silly lifecycle react-drive-in@1.6.2~server: Args: [ '-c', 'browser-sync start --server example --server dist' ]
12 silly lifecycle react-drive-in@1.6.2~server: Returned: code: 137  signal: null
13 info lifecycle react-drive-in@1.6.2~server: Failed to exec server script
14 verbose stack Error: react-drive-in@1.6.2 server: `browser-sync start --server example --server dist`
14 verbose stack Exit status 137
14 verbose stack     at EventEmitter.<anonymous> (/home/www/.nvm/versions/node/v5.1.0/lib/node_modules/npm/lib/utils/lifecycle.js:232:16)
14 verbose stack     at emitTwo (events.js:87:13)
14 verbose stack     at EventEmitter.emit (events.js:172:7)
14 verbose stack     at ChildProcess.<anonymous> (/home/www/.nvm/versions/node/v5.1.0/lib/node_modules/npm/lib/utils/spawn.js:24:14)
14 verbose stack     at emitTwo (events.js:87:13)
14 verbose stack     at ChildProcess.emit (events.js:172:7)
14 verbose stack     at maybeClose (internal/child_process.js:818:16)
14 verbose stack     at Process.ChildProcess._handle.onexit (internal/child_process.js:211:5)
15 verbose pkgid react-drive-in@1.6.2
16 verbose cwd /home/www/dev.pointlook.com
17 error Linux 3.19.0-33-generic
18 error argv "/home/www/.nvm/versions/node/v5.1.0/bin/node" "/home/www/.nvm/versions/node/v5.1.0/bin/npm" "run" "server"
19 error node v5.1.0
20 error npm  v3.3.12
21 error code ELIFECYCLE
22 error react-drive-in@1.6.2 server: `browser-sync start --server example --server dist`
22 error Exit status 137
23 error Failed at the react-drive-in@1.6.2 server script 'browser-sync start --server example --server dist'.
23 error Make sure you have the latest version of node.js and npm installed.
23 error If you do, this is most likely a problem with the react-drive-in package,
23 error not with npm itself.
23 error Tell the author that this fails on your system:
23 error     browser-sync start --server example --server dist
23 error You can get their info via:
23 error     npm owner ls react-drive-in
23 error There is likely additional logging output above.
24 verbose exit [ 1, true ]
